<?xml version="1.0" encoding="UTF-8"?>
<!-- Generated by org.testng.reporters.JUnitReportReporter -->
<testsuite skipped="0" hostname="HP-PC" name="org.framework.Framework.Testng" tests="1" failures="0" timestamp="29 Oct 2018 03:38:26 GMT" time="29.836" errors="0">
  <testcase name="test1" time="29.836" classname="org.framework.Framework.Testng"/>
</testsuite> <!-- org.framework.Framework.Testng -->
